Release 14.2 - xst P.28xd (nt64)
Copyright (c) 1995-2012 Xilinx, Inc.  All rights reserved.
--> Parameter TMPDIR set to xst/projnav.tmp


Total REAL time to Xst completion: 0.00 secs
Total CPU time to Xst completion: 0.13 secs
 
--> Parameter xsthdpdir set to xst


Total REAL time to Xst completion: 0.00 secs
Total CPU time to Xst completion: 0.13 secs
 
--> Reading design: Macc.prj

TABLE OF CONTENTS
  1) Synthesis Options Summary
  2) HDL Parsing
  3) HDL Elaboration
  4) HDL Synthesis
       4.1) HDL Synthesis Report
  5) Advanced HDL Synthesis
       5.1) Advanced HDL Synthesis Report
  6) Low Level Synthesis
  7) Partition Report
  8) Design Summary
       8.1) Primitive and Black Box Usage
       8.2) Device utilization summary
       8.3) Partition Resource Summary
       8.4) Timing Report
            8.4.1) Clock Information
            8.4.2) Asynchronous Control Signals Information
            8.4.3) Timing Summary
            8.4.4) Timing Details
            8.4.5) Cross Clock Domains Report


=========================================================================
*                      Synthesis Options Summary                        *
=========================================================================
---- Source Parameters
Input File Name                    : "Macc.prj"
Ignore Synthesis Constraint File   : NO

---- Target Parameters
Output File Name                   : "Macc"
Output Format                      : NGC
Target Device                      : xc7z020-3-clg484

---- Source Options
Top Module Name                    : Macc
Automatic FSM Extraction           : YES
FSM Encoding Algorithm             : Auto
Safe Implementation                : No
FSM Style                          : LUT
RAM Extraction                     : Yes
RAM Style                          : Auto
ROM Extraction                     : Yes
Shift Register Extraction          : YES
ROM Style                          : Auto
Resource Sharing                   : YES
Asynchronous To Synchronous        : NO
Shift Register Minimum Size        : 2
Use DSP Block                      : Auto
Automatic Register Balancing       : No

---- Target Options
LUT Combining                      : Auto
Reduce Control Sets                : Auto
Add IO Buffers                     : YES
Global Maximum Fanout              : 100000
Add Generic Clock Buffer(BUFG)     : 32
Register Duplication               : YES
Optimize Instantiated Primitives   : NO
Use Clock Enable                   : Auto
Use Synchronous Set                : Auto
Use Synchronous Reset              : Auto
Pack IO Registers into IOBs        : Auto
Equivalent register Removal        : YES

---- General Options
Optimization Goal                  : Speed
Optimization Effort                : 1
Power Reduction                    : NO
Keep Hierarchy                     : No
Netlist Hierarchy                  : As_Optimized
RTL Output                         : Yes
Global Optimization                : AllClockNets
Read Cores                         : YES
Write Timing Constraints           : NO
Cross Clock Analysis               : NO
Hierarchy Separator                : /
Bus Delimiter                      : <>
Case Specifier                     : Maintain
Slice Utilization Ratio            : 100
BRAM Utilization Ratio             : 100
DSP48 Utilization Ratio            : 100
Auto BRAM Packing                  : NO
Slice Utilization Ratio Delta      : 5

=========================================================================


=========================================================================
*                          HDL Parsing                                  *
=========================================================================
Analyzing Verilog file "\\ad\eng\users\c\h\chauhank\Documents\Filter\Macc.v" into library work
Parsing module <Macc>.

=========================================================================
*                            HDL Elaboration                            *
=========================================================================

Elaborating module <Macc>.

Elaborating module <MACC_MACRO(DEVICE="7SERIES",LATENCY=1,WIDTH_A=18,WIDTH_B=18,WIDTH_P=48)>.

Elaborating module <DSP48E1(ACASCREG=0,AREG=0,ADREG=0,BCASCREG=0,BREG=0,DREG=0,MREG=0,PREG=1)>.

=========================================================================
*                           HDL Synthesis                               *
=========================================================================

Synthesizing Unit <Macc>.
    Related source file is "\\ad\eng\users\c\h\chauhank\Documents\Filter\Macc.v".
WARNING:Xst:2999 - Signal 'filter_1', unconnected in block 'Macc', is tied to its initial value.
WARNING:Xst:2999 - Signal 'filter_0', unconnected in block 'Macc', is tied to its initial value.
WARNING:Xst:2999 - Signal 'filter_2', unconnected in block 'Macc', is tied to its initial value.
    Summary:
Unit <Macc> synthesized.

Synthesizing Unit <MACC_MACRO>.
    Related source file is "N:/P.28xd/rtf/devlib/verilog/src/unimacro/MACC_MACRO.v".
        DEVICE = "7SERIES"
        LATENCY = 1
        WIDTH_A = 18
        WIDTH_B = 18
        WIDTH_P = 48
        MODEL_TYPE = 0
        VERBOSITY = 0
    Summary:
	no macro.
Unit <MACC_MACRO> synthesized.

=========================================================================
HDL Synthesis Report

Macro Statistics
# Xors                                                 : 2
 1-bit xor2                                            : 2

=========================================================================

=========================================================================
*                       Advanced HDL Synthesis                          *
=========================================================================


=========================================================================
Advanced HDL Synthesis Report

Macro Statistics
# Xors                                                 : 2
 1-bit xor2                                            : 2

=========================================================================

=========================================================================
*                         Low Level Synthesis                           *
=========================================================================

Optimizing unit <Macc> ...

Mapping all equations...
Building and optimizing final netlist ...
Found area constraint ratio of 100 (+ 5) on block Macc, actual ratio is 0.

Final Macro Processing ...

=========================================================================
Final Register Report

Found no macro
=========================================================================

=========================================================================
*                           Partition Report                            *
=========================================================================

Partition Implementation Status
-------------------------------

  No Partitions were found in this design.

-------------------------------

=========================================================================
*                            Design Summary                             *
=========================================================================

Top Level Output File Name         : Macc.ngc

Primitive and Black Box Usage:
------------------------------
# BELS                             : 5
#      GND                         : 1
#      LUT3                        : 1
#      LUT4                        : 2
#      VCC                         : 1
# Clock Buffers                    : 1
#      BUFGP                       : 1
# IO Buffers                       : 71
#      IBUF                        : 23
#      OBUF                        : 48
# DSPs                             : 1
#      DSP48E1                     : 1

Device utilization summary:
---------------------------

Selected Device : 7z020clg484-3 


Slice Logic Utilization: 
 Number of Slice LUTs:                    3  out of  53200     0%  
    Number used as Logic:                 3  out of  53200     0%  

Slice Logic Distribution: 
 Number of LUT Flip Flop pairs used:      3
   Number with an unused Flip Flop:       3  out of      3   100%  
   Number with an unused LUT:             0  out of      3     0%  
   Number of fully used LUT-FF pairs:     0  out of      3     0%  
   Number of unique control sets:         0

IO Utilization: 
 Number of IOs:                          72
 Number of bonded IOBs:                  72  out of    200    36%  

Specific Feature Utilization:
 Number of BUFG/BUFGCTRLs:                1  out of     32     3%  
 Number of DSP48E1s:                      1  out of    220     0%  

---------------------------
Partition Resource Summary:
---------------------------

  No Partitions were found in this design.

---------------------------


=========================================================================
Timing Report

NOTE: THESE TIMING NUMBERS ARE ONLY A SYNTHESIS ESTIMATE.
      FOR ACCURATE TIMING INFORMATION PLEASE REFER TO THE TRACE REPORT
      GENERATED AFTER PLACE-and-ROUTE.

Clock Information:
------------------
-----------------------------------+------------------------+-------+
Clock Signal                       | Clock buffer(FF name)  | Load  |
-----------------------------------+------------------------+-------+
clk                                | BUFGP                  | 1     |
-----------------------------------+------------------------+-------+

Asynchronous Control Signals Information:
----------------------------------------
No asynchronous control signals found in this design

Timing Summary:
---------------
Speed Grade: -3

   Minimum period: No path found
   Minimum input arrival time before clock: 3.396ns
   Maximum output required time after clock: 0.608ns
   Maximum combinational path delay: No path found

Timing Details:
---------------
All values displayed in nanoseconds (ns)

=========================================================================
Timing constraint: Default OFFSET IN BEFORE for Clock 'clk'
  Total number of paths / destination ports: 42 / 34
-------------------------------------------------------------------------
Offset:              3.396ns (Levels of Logic = 2)
  Source:            frow<1> (PAD)
  Destination:       MACC_MACRO_inst/dsp_bl.DSP48E_BL (DSP)
  Destination Clock: clk rising

  Data Path: frow<1> to MACC_MACRO_inst/dsp_bl.DSP48E_BL
                                Gate     Net
    Cell:in->out      fanout   Delay   Delay  Logical Name (Net Name)
    ----------------------------------------  ------------
     IBUF:I->O             3   0.000   0.466  frow_1_IBUF (frow_1_IBUF)
     LUT4:I0->O            1   0.043   0.279  frow[1]_read_port_0_OUT<0>1 (frow[1]_read_port_0_OUT<0>)
     DSP48E1:B0                2.608          MACC_MACRO_inst/dsp_bl.DSP48E_BL
    ----------------------------------------
    Total                      3.396ns (2.651ns logic, 0.745ns route)
                                       (78.1% logic, 21.9% route)

=========================================================================
Timing constraint: Default OFFSET OUT AFTER for Clock 'clk'
  Total number of paths / destination ports: 48 / 48
-------------------------------------------------------------------------
Offset:              0.608ns (Levels of Logic = 1)
  Source:            MACC_MACRO_inst/dsp_bl.DSP48E_BL (DSP)
  Destination:       activation<47> (PAD)
  Source Clock:      clk rising

  Data Path: MACC_MACRO_inst/dsp_bl.DSP48E_BL to activation<47>
                                Gate     Net
    Cell:in->out      fanout   Delay   Delay  Logical Name (Net Name)
    ----------------------------------------  ------------
     DSP48E1:CLK->P47      1   0.329   0.279  MACC_MACRO_inst/dsp_bl.DSP48E_BL (activation_47_OBUF)
     OBUF:I->O                 0.000          activation_47_OBUF (activation<47>)
    ----------------------------------------
    Total                      0.608ns (0.329ns logic, 0.279ns route)
                                       (54.1% logic, 45.9% route)

=========================================================================

Cross Clock Domains Report:
--------------------------

=========================================================================


Total REAL time to Xst completion: 8.00 secs
Total CPU time to Xst completion: 8.72 secs
 
--> 

Total memory usage is 423952 kilobytes

Number of errors   :    0 (   0 filtered)
Number of warnings :    3 (   0 filtered)
Number of infos    :    0 (   0 filtered)

